android-twa/app/build/intermediates/manifest_merge_blame_file/release/manifest-merger-blame-release-report.txt
1<?xml version="1.0" encoding="utf-8"?>
2<manifest xmlns:android="http://schemas.android.com/apk/res/android"
3    package="com.ritmoup.app"
4    android:versionCode="102"
5    android:versionName="1.5.2" >
6
7    <uses-sdk
8        android:minSdkVersion="21"
9        android:targetSdkVersion="35" />
10
11    <uses-permission android:name="com.google.android.gms.permission.AD_ID" />
11-->src\main\AndroidManifest.xml:5:5-79
11-->src\main\AndroidManifest.xml:5:22-76
12
13    <queries>
13-->[com.google.androidbrowserhelper:androidbrowserhelper:2.5.0] AndroidManifest.xml:26:5-34:15
14        <intent>
14-->[com.google.androidbrowserhelper:androidbrowserhelper:2.5.0] AndroidManifest.xml:27:9-33:18
15            <action android:name="android.intent.action.VIEW" />
15-->src\main\AndroidManifest.xml:38:17-69
15-->src\main\AndroidManifest.xml:38:25-66
16
17            <category android:name="android.intent.category.BROWSABLE" />
17-->src\main\AndroidManifest.xml:40:17-78
17-->src\main\AndroidManifest.xml:40:27-75
18
19            <data android:scheme="https" />
19-->src\main\AndroidManifest.xml:41:17-43:46
19-->src\main\AndroidManifest.xml:43:21-43
20        </intent>
21    </queries>
22
23    <permission
23-->[androidx.core:core:1.9.0] AndroidManifest.xml:22:5-24:47
24        android:name="com.ritmoup.app.DYNAMIC_RECEIVER_NOT_EXPORTED_PERMISSION"
24-->[androidx.core:core:1.9.0] AndroidManifest.xml:23:9-81
25        android:protectionLevel="signature" />
25-->[androidx.core:core:1.9.0] AndroidManifest.xml:24:9-44
26
27    <uses-permission android:name="com.ritmoup.app.DYNAMIC_RECEIVER_NOT_EXPORTED_PERMISSION" />
27-->[androidx.core:core:1.9.0] AndroidManifest.xml:26:5-97
27-->[androidx.core:core:1.9.0] AndroidManifest.xml:26:22-94
28
29    <application
29-->src\main\AndroidManifest.xml:7:5-47:19
30        android:allowBackup="true"
30-->src\main\AndroidManifest.xml:8:9-35
31        android:appComponentFactory="androidx.core.app.CoreComponentFactory"
31-->[androidx.core:core:1.9.0] AndroidManifest.xml:28:18-86
32        android:dataExtractionRules="@xml/data_extraction_rules"
32-->src\main\AndroidManifest.xml:9:9-65
33        android:extractNativeLibs="true"
34        android:fullBackupContent="@xml/backup_rules"
34-->src\main\AndroidManifest.xml:10:9-54
35        android:icon="@mipmap/ic_launcher"
35-->src\main\AndroidManifest.xml:11:9-43
36        android:label="@string/app_name"
36-->src\main\AndroidManifest.xml:12:9-41
37        android:roundIcon="@mipmap/ic_launcher_round"
37-->src\main\AndroidManifest.xml:13:9-54
38        android:supportsRtl="true"
38-->src\main\AndroidManifest.xml:14:9-35
39        android:theme="@style/Theme.RitmoUp" >
39-->src\main\AndroidManifest.xml:15:9-45
40        <activity
40-->src\main\AndroidManifest.xml:18:9-45:20
41            android:name="com.google.androidbrowserhelper.trusted.LauncherActivity"
41-->src\main\AndroidManifest.xml:19:13-84
42            android:exported="true"
42-->src\main\AndroidManifest.xml:20:13-36
43            android:label="@string/app_name"
43-->src\main\AndroidManifest.xml:21:13-45
44            android:theme="@style/Theme.RitmoUp.NoActionBar" >
44-->src\main\AndroidManifest.xml:22:13-61
45            <meta-data
45-->src\main\AndroidManifest.xml:24:13-26:63
46                android:name="android.support.customtabs.trusted.DEFAULT_URL"
46-->src\main\AndroidManifest.xml:25:17-78
47                android:value="https://app.ritmoup.com.br/" />
47-->src\main\AndroidManifest.xml:26:17-60
48            <meta-data
48-->src\main\AndroidManifest.xml:28:13-30:45
49                android:name="android.support.customtabs.trusted.DISPLAY_MODE"
49-->src\main\AndroidManifest.xml:29:17-79
50                android:value="immersive" />
50-->src\main\AndroidManifest.xml:30:17-42
51
52            <intent-filter>
52-->src\main\AndroidManifest.xml:32:13-35:29
53                <action android:name="android.intent.action.MAIN" />
53-->src\main\AndroidManifest.xml:33:17-69
53-->src\main\AndroidManifest.xml:33:25-66
54
55                <category android:name="android.intent.category.LAUNCHER" />
55-->src\main\AndroidManifest.xml:34:17-77
55-->src\main\AndroidManifest.xml:34:27-74
56            </intent-filter>
57            <intent-filter android:autoVerify="true" >
57-->src\main\AndroidManifest.xml:37:13-44:29
57-->src\main\AndroidManifest.xml:37:28-53
58                <action android:name="android.intent.action.VIEW" />
58-->src\main\AndroidManifest.xml:38:17-69
58-->src\main\AndroidManifest.xml:38:25-66
59
60                <category android:name="android.intent.category.DEFAULT" />
60-->src\main\AndroidManifest.xml:39:17-76
60-->src\main\AndroidManifest.xml:39:27-73
61                <category android:name="android.intent.category.BROWSABLE" />
61-->src\main\AndroidManifest.xml:40:17-78
61-->src\main\AndroidManifest.xml:40:27-75
62
63                <data
63-->src\main\AndroidManifest.xml:41:17-43:46
64                    android:host="app.ritmoup.com.br"
64-->src\main\AndroidManifest.xml:42:21-54
65                    android:scheme="https" />
65-->src\main\AndroidManifest.xml:43:21-43
66            </intent-filter>
67        </activity>
68
69        <provider
69-->[androidx.emoji2:emoji2:1.2.0] AndroidManifest.xml:24:9-32:20
70            android:name="androidx.startup.InitializationProvider"
70-->[androidx.emoji2:emoji2:1.2.0] AndroidManifest.xml:25:13-67
71            android:authorities="com.ritmoup.app.androidx-startup"
71-->[androidx.emoji2:emoji2:1.2.0] AndroidManifest.xml:26:13-68
72            android:exported="false" >
72-->[androidx.emoji2:emoji2:1.2.0] AndroidManifest.xml:27:13-37
73            <meta-data
73-->[androidx.emoji2:emoji2:1.2.0] AndroidManifest.xml:29:13-31:52
74                android:name="androidx.emoji2.text.EmojiCompatInitializer"
74-->[androidx.emoji2:emoji2:1.2.0] AndroidManifest.xml:30:17-75
75                android:value="androidx.startup" />
75-->[androidx.emoji2:emoji2:1.2.0] AndroidManifest.xml:31:17-49
76            <meta-data
76-->[androidx.lifecycle:lifecycle-process:2.4.1] AndroidManifest.xml:31:13-33:52
77                android:name="androidx.lifecycle.ProcessLifecycleInitializer"
77-->[androidx.lifecycle:lifecycle-process:2.4.1] AndroidManifest.xml:32:17-78
78                android:value="androidx.startup" />
78-->[androidx.lifecycle:lifecycle-process:2.4.1] AndroidManifest.xml:33:17-49
79        </provider>
80    </application>
81
82</manifest>